<?xml version="1.0" encoding="UTF-8"?>
<testng-results ignored="0" total="4" passed="3" failed="1" skipped="0">
  <reporter-output>
  </reporter-output>
  <suite started-at="2017-12-06T21:15:59Z" name="IFS Project" finished-at="2017-12-06T21:16:35Z" duration-ms="35723">
    <groups>
    </groups>
    <test started-at="2017-12-06T21:15:59Z" name="Au_Test" finished-at="2017-12-06T21:16:35Z" duration-ms="35723">
      <class name="com.ifs.tests.SignInPageTest">
        <test-method is-config="true" signature="initializeTestBaseSetup(java.lang.String, java.lang.String)[pri:0, instance:com.ifs.tests.SignInPageTest@6ff29830]" started-at="2017-12-06T16:15:59Z" name="initializeTestBaseSetup" finished-at="2017-12-06T16:16:04Z" duration-ms="4830" status="PASS">
          <params>
            <param index="0">
              <value>
                <![CDATA[chrome]]>
              </value>
            </param>
            <param index="1">
              <value>
                <![CDATA[https://qa.team2.mobiletechtool.com/hub/index.php]]>
              </value>
            </param>
          </params>
          <reporter-output>
          </reporter-output>
        </test-method> <!-- initializeTestBaseSetup -->
        <test-method is-config="true" signature="setUp()[pri:0, instance:com.ifs.tests.SignInPageTest@6ff29830]" started-at="2017-12-06T16:16:04Z" name="setUp" finished-at="2017-12-06T16:16:04Z" duration-ms="1" status="PASS">
          <reporter-output>
          </reporter-output>
        </test-method> <!-- setUp -->
        <test-method signature="verifySignInEmpty()[pri:1, instance:com.ifs.tests.SignInPageTest@6ff29830]" started-at="2017-12-06T16:16:04Z" name="verifySignInEmpty" finished-at="2017-12-06T16:16:07Z" duration-ms="2969" status="PASS">
          <reporter-output>
          </reporter-output>
        </test-method> <!-- verifySignInEmpty -->
        <test-method signature="verifySignInSucessfully()[pri:1, instance:com.ifs.tests.SignInPageTest@6ff29830]" started-at="2017-12-06T16:16:07Z" name="verifySignInSucessfully" finished-at="2017-12-06T16:16:11Z" duration-ms="4306" status="FAIL">
          <exception class="java.lang.AssertionError">
            <message>
              <![CDATA[expected [IFS Support Hub] but found [Change Password]]]>
            </message>
            <full-stacktrace>
              <![CDATA[java.lang.AssertionError: expected [IFS Support Hub] but found [Change Password]
	at org.testng.Assert.fail(Assert.java:93)
	at org.testng.Assert.failNotEquals(Assert.java:512)
	at org.testng.Assert.assertEqualsImpl(Assert.java:134)
	at org.testng.Assert.assertEquals(Assert.java:115)
	at org.testng.Assert.assertEquals(Assert.java:189)
	at org.testng.Assert.assertEquals(Assert.java:199)
	at com.ifs.tests.SignInPageTest.verifySignInSucessfully(SignInPageTest.java:79)
	at java.base/jdk.internal.reflect.NativeMethodAccessorImpl.invoke0(Native Method)
	at java.base/jdk.internal.reflect.NativeMethodAccessorImpl.invoke(NativeMethodAccessorImpl.java:62)
	at java.base/jdk.internal.reflect.DelegatingMethodAccessorImpl.invoke(DelegatingMethodAccessorImpl.java:43)
	at java.base/java.lang.reflect.Method.invoke(Method.java:564)
	at org.testng.internal.MethodInvocationHelper.invokeMethod(MethodInvocationHelper.java:108)
	at org.testng.internal.Invoker.invokeMethod(Invoker.java:669)
	at org.testng.internal.Invoker.invokeTestMethod(Invoker.java:877)
	at org.testng.internal.Invoker.invokeTestMethods(Invoker.java:1201)
	at org.testng.internal.TestMethodWorker.invokeTestMethods(TestMethodWorker.java:125)
	at org.testng.internal.TestMethodWorker.run(TestMethodWorker.java:109)
	at org.testng.TestRunner.privateRun(TestRunner.java:776)
	at org.testng.TestRunner.run(TestRunner.java:634)
	at org.testng.SuiteRunner.runTest(SuiteRunner.java:425)
	at org.testng.SuiteRunner.runSequentially(SuiteRunner.java:420)
	at org.testng.SuiteRunner.privateRun(SuiteRunner.java:385)
	at org.testng.SuiteRunner.run(SuiteRunner.java:334)
	at org.testng.SuiteRunnerWorker.runSuite(SuiteRunnerWorker.java:52)
	at org.testng.SuiteRunnerWorker.run(SuiteRunnerWorker.java:86)
	at org.testng.TestNG.runSuitesSequentially(TestNG.java:1318)
	at org.testng.TestNG.runSuitesLocally(TestNG.java:1243)
	at org.testng.TestNG.runSuites(TestNG.java:1161)
	at org.testng.TestNG.run(TestNG.java:1129)
	at org.testng.remote.AbstractRemoteTestNG.run(AbstractRemoteTestNG.java:114)
	at org.testng.remote.RemoteTestNG.initAndRun(RemoteTestNG.java:251)
	at org.testng.remote.RemoteTestNG.main(RemoteTestNG.java:77)
]]>
            </full-stacktrace>
          </exception> <!-- java.lang.AssertionError -->
          <reporter-output>
          </reporter-output>
        </test-method> <!-- verifySignInSucessfully -->
        <test-method signature="verifySignInFailed()[pri:2, instance:com.ifs.tests.SignInPageTest@6ff29830]" started-at="2017-12-06T16:16:11Z" name="verifySignInFailed" finished-at="2017-12-06T16:16:28Z" duration-ms="16879" status="PASS">
          <reporter-output>
          </reporter-output>
        </test-method> <!-- verifySignInFailed -->
        <test-method signature="verifySignInSingleFailed()[pri:2, instance:com.ifs.tests.SignInPageTest@6ff29830]" started-at="2017-12-06T16:16:28Z" name="verifySignInSingleFailed" finished-at="2017-12-06T16:16:35Z" duration-ms="6506" status="PASS">
          <reporter-output>
          </reporter-output>
        </test-method> <!-- verifySignInSingleFailed -->
        <test-method is-config="true" signature="tearDown()[pri:0, instance:com.ifs.tests.SignInPageTest@6ff29830]" started-at="2017-12-06T16:16:35Z" name="tearDown" finished-at="2017-12-06T16:16:35Z" duration-ms="205" status="PASS">
          <reporter-output>
          </reporter-output>
        </test-method> <!-- tearDown -->
      </class> <!-- com.ifs.tests.SignInPageTest -->
    </test> <!-- Au_Test -->
  </suite> <!-- IFS Project -->
</testng-results>
